c:\users\he607\source\repos\emergencysystem ds project cie205\emergencysystem ds project cie205\x64\debug\vc143.pdb
c:\users\he607\source\repos\emergencysystem ds project cie205\emergencysystem ds project cie205\x64\debug\vc143.idb
c:\users\he607\source\repos\emergencysystem ds project cie205\emergencysystem ds project cie205\x64\debug\main.obj
c:\users\he607\source\repos\emergencysystem ds project cie205\emergencysystem ds project cie205\x64\debug\ui.obj
c:\users\he607\source\repos\emergencysystem ds project cie205\emergencysystem ds project cie205\x64\debug\organizer.obj
c:\users\he607\source\repos\emergencysystem ds project cie205\emergencysystem ds project cie205\x64\debug\request.obj
c:\users\he607\source\repos\emergencysystem ds project cie205\emergencysystem ds project cie205\x64\debug\hospital.obj
c:\users\he607\source\repos\emergencysystem ds project cie205\emergencysystem ds project cie205\x64\debug\car.obj
c:\users\he607\source\repos\emergencysystem ds project cie205\emergencysystem ds project cie205\x64\debug\emergencysystem ds project cie205.ilk
c:\users\he607\source\repos\emergencysystem ds project cie205\x64\debug\emergencysystem ds project cie205.pdb
c:\users\he607\source\repos\emergencysystem ds project cie205\emergencysystem ds project cie205\x64\debug\emergenc.05e69965.tlog\cl.command.1.tlog
c:\users\he607\source\repos\emergencysystem ds project cie205\emergencysystem ds project cie205\x64\debug\emergenc.05e69965.tlog\cl.items.tlog
c:\users\he607\source\repos\emergencysystem ds project cie205\emergencysystem ds project cie205\x64\debug\emergenc.05e69965.tlog\cl.read.1.tlog
c:\users\he607\source\repos\emergencysystem ds project cie205\emergencysystem ds project cie205\x64\debug\emergenc.05e69965.tlog\cl.write.1.tlog
c:\users\he607\source\repos\emergencysystem ds project cie205\emergencysystem ds project cie205\x64\debug\emergenc.05e69965.tlog\link-cvtres.read.1.tlog
c:\users\he607\source\repos\emergencysystem ds project cie205\emergencysystem ds project cie205\x64\debug\emergenc.05e69965.tlog\link-cvtres.write.1.tlog
c:\users\he607\source\repos\emergencysystem ds project cie205\emergencysystem ds project cie205\x64\debug\emergenc.05e69965.tlog\link-rc.read.1.tlog
c:\users\he607\source\repos\emergencysystem ds project cie205\emergencysystem ds project cie205\x64\debug\emergenc.05e69965.tlog\link-rc.write.1.tlog
c:\users\he607\source\repos\emergencysystem ds project cie205\emergencysystem ds project cie205\x64\debug\emergenc.05e69965.tlog\link.1584-cvtres.read.1.tlog
c:\users\he607\source\repos\emergencysystem ds project cie205\emergencysystem ds project cie205\x64\debug\emergenc.05e69965.tlog\link.1584-cvtres.write.1.tlog
c:\users\he607\source\repos\emergencysystem ds project cie205\emergencysystem ds project cie205\x64\debug\emergenc.05e69965.tlog\link.1584-rc.read.1.tlog
c:\users\he607\source\repos\emergencysystem ds project cie205\emergencysystem ds project cie205\x64\debug\emergenc.05e69965.tlog\link.1584-rc.write.1.tlog
c:\users\he607\source\repos\emergencysystem ds project cie205\emergencysystem ds project cie205\x64\debug\emergenc.05e69965.tlog\link.1584.read.1.tlog
c:\users\he607\source\repos\emergencysystem ds project cie205\emergencysystem ds project cie205\x64\debug\emergenc.05e69965.tlog\link.1584.read.2.tlog
c:\users\he607\source\repos\emergencysystem ds project cie205\emergencysystem ds project cie205\x64\debug\emergenc.05e69965.tlog\link.1584.read.3.tlog
c:\users\he607\source\repos\emergencysystem ds project cie205\emergencysystem ds project cie205\x64\debug\emergenc.05e69965.tlog\link.1584.read.4.tlog
c:\users\he607\source\repos\emergencysystem ds project cie205\emergencysystem ds project cie205\x64\debug\emergenc.05e69965.tlog\link.1584.write.1.tlog
c:\users\he607\source\repos\emergencysystem ds project cie205\emergencysystem ds project cie205\x64\debug\emergenc.05e69965.tlog\link.command.1.tlog
c:\users\he607\source\repos\emergencysystem ds project cie205\emergencysystem ds project cie205\x64\debug\emergenc.05e69965.tlog\link.read.1.tlog
c:\users\he607\source\repos\emergencysystem ds project cie205\emergencysystem ds project cie205\x64\debug\emergenc.05e69965.tlog\link.read.2.tlog
c:\users\he607\source\repos\emergencysystem ds project cie205\emergencysystem ds project cie205\x64\debug\emergenc.05e69965.tlog\link.read.3.tlog
c:\users\he607\source\repos\emergencysystem ds project cie205\emergencysystem ds project cie205\x64\debug\emergenc.05e69965.tlog\link.read.4.tlog
c:\users\he607\source\repos\emergencysystem ds project cie205\emergencysystem ds project cie205\x64\debug\emergenc.05e69965.tlog\link.secondary.1.tlog
c:\users\he607\source\repos\emergencysystem ds project cie205\emergencysystem ds project cie205\x64\debug\emergenc.05e69965.tlog\link.write.1.tlog
